{"log":"Se enciende!!11\n","date":"2024-12-12 08:37:32"}||
{"log":"Server running at http://localhost:3002\n","date":"2024-12-12 11:02:19"}||
{"log":"Server running at http://localhost:3002\n","date":"2024-12-12 11:03:13"}||
{"log":"Server running at http://localhost:3002\n","date":"2024-12-13 07:45:52"}||
{"log":"Server running at http://localhost:3002\n","date":"2025-01-08 07:42:01"}||
{"log":"Server running at http://localhost:3002\n","date":"2025-01-08 11:19:02"}||
{"log":"Server running at http://localhost:3002\n","date":"2025-01-08 11:49:30"}||
{"log":"Header Auth:  Bearer eyJhbGciOiJIUzI1NiIsInR5cCI6IkpXVCJ9.eyJpZCI6NiwiY29ycmV1Ijoic2FtcGxlQHNhbXBsZS5zYW1wbGUiLCJpYXQiOjE3MzYzMzgwMzIsImV4cCI6MTczNjM0MTYzMn0.v9mlvKitMX9WfMQW4m2MCJ2Oq3EmQrVUFiDyXpUYH90\n","date":"2025-01-08 12:07:13"}||
{"log":"Token de Sessió:  eyJhbGciOiJIUzI1NiIsInR5cCI6IkpXVCJ9.eyJpZCI6NiwiY29ycmV1Ijoic2FtcGxlQHNhbXBsZS5zYW1wbGUiLCJpYXQiOjE3MzYzMzgwMzIsImV4cCI6MTczNjM0MTYzMn0.v9mlvKitMX9WfMQW4m2MCJ2Oq3EmQrVUFiDyXpUYH90\nETO ES UN SECRETO DE TU MIRADA Y LA MIA -qRAUmqCTv-v8swLdNYS0gVtZmnQVgCUvILO2NIky28\n","date":"2025-01-08 12:07:13"}||
{"log":"Valid token\n","date":"2025-01-08 12:07:13"}||
{"log":"Header Auth:  Bearer eyJhbGciOiJIUzI1NiIsInR5cCI6IkpXVCJ9.eyJpZCI6NiwiY29ycmV1Ijoic2FtcGxlQHNhbXBsZS5zYW1wbGUiLCJpYXQiOjE3MzYzMzgwMzIsImV4cCI6MTczNjM0MTYzMn0.v9mlvKitMX9WfMQW4m2MCJ2Oq3EmQrVUFiDyXpUYH90\nToken de Sessió:  eyJhbGciOiJIUzI1NiIsInR5cCI6IkpXVCJ9.eyJpZCI6NiwiY29ycmV1Ijoic2FtcGxlQHNhbXBsZS5zYW1wbGUiLCJpYXQiOjE3MzYzMzgwMzIsImV4cCI6MTczNjM0MTYzMn0.v9mlvKitMX9WfMQW4m2MCJ2Oq3EmQrVUFiDyXpUYH90\nETO ES UN SECRETO DE TU MIRADA Y LA MIA -qRAUmqCTv-v8swLdNYS0gVtZmnQVgCUvILO2NIky28\nValid token\n","date":"2025-01-08 12:08:23"}||
{"log":"Header Auth:  Bearer eyJhbGciOiJIUzI1NiIsInR5cCI6IkpXVCJ9.eyJpZCI6NiwiY29ycmV1Ijoic2FtcGxlQHNhbXBsZS5zYW1wbGUiLCJpYXQiOjE3MzYzMzgwMzIsImV4cCI6MTczNjM0MTYzMn0.v9mlvKitMX9WfMQW4m2MCJ2Oq3EmQrVUFiDyXpUYH90\n","date":"2025-01-08 12:08:27"}||
{"log":"Token de Sessió:  eyJhbGciOiJIUzI1NiIsInR5cCI6IkpXVCJ9.eyJpZCI6NiwiY29ycmV1Ijoic2FtcGxlQHNhbXBsZS5zYW1wbGUiLCJpYXQiOjE3MzYzMzgwMzIsImV4cCI6MTczNjM0MTYzMn0.v9mlvKitMX9WfMQW4m2MCJ2Oq3EmQrVUFiDyXpUYH90\nETO ES UN SECRETO DE TU MIRADA Y LA MIA -qRAUmqCTv-v8swLdNYS0gVtZmnQVgCUvILO2NIky28\n","date":"2025-01-08 12:08:27"}||
{"log":"Valid token\n","date":"2025-01-08 12:08:27"}||
{"log":"Header Auth:  Bearer eyJhbGciOiJIUzI1NiIsInR5cCI6IkpXVCJ9.eyJpZCI6NiwiY29ycmV1Ijoic2FtcGxlQHNhbXBsZS5zYW1wbGUiLCJpYXQiOjE3MzYzMzgxMzQsImV4cCI6MTczNjM0MTczNH0.L6tl-HdDKhSh0dY797djNrenn9Ubl27-PRyuqSeMpvE\nToken de Sessió:  eyJhbGciOiJIUzI1NiIsInR5cCI6IkpXVCJ9.eyJpZCI6NiwiY29ycmV1Ijoic2FtcGxlQHNhbXBsZS5zYW1wbGUiLCJpYXQiOjE3MzYzMzgxMzQsImV4cCI6MTczNjM0MTczNH0.L6tl-HdDKhSh0dY797djNrenn9Ubl27-PRyuqSeMpvE\nETO ES UN SECRETO DE TU MIRADA Y LA MIA -qRAUmqCTv-v8swLdNYS0gVtZmnQVgCUvILO2NIky28\nValid token\n","date":"2025-01-08 12:08:56"}||
{"log":"Header Auth:  Bearer eyJhbGciOiJIUzI1NiIsInR5cCI6IkpXVCJ9.eyJpZCI6NiwiY29ycmV1Ijoic2FtcGxlQHNhbXBsZS5zYW1wbGUiLCJpYXQiOjE3MzYzMzgxMzQsImV4cCI6MTczNjM0MTczNH0.L6tl-HdDKhSh0dY797djNrenn9Ubl27-PRyuqSeMpvE\n","date":"2025-01-08 12:09:29"}||
{"log":"Token de Sessió:  eyJhbGciOiJIUzI1NiIsInR5cCI6IkpXVCJ9.eyJpZCI6NiwiY29ycmV1Ijoic2FtcGxlQHNhbXBsZS5zYW1wbGUiLCJpYXQiOjE3MzYzMzgxMzQsImV4cCI6MTczNjM0MTczNH0.L6tl-HdDKhSh0dY797djNrenn9Ubl27-PRyuqSeMpvE\nETO ES UN SECRETO DE TU MIRADA Y LA MIA -qRAUmqCTv-v8swLdNYS0gVtZmnQVgCUvILO2NIky28\n","date":"2025-01-08 12:09:29"}||
{"log":"Valid token\n","date":"2025-01-08 12:09:29"}||
{"log":"Header Auth:  Bearer eyJhbGciOiJIUzI1NiIsInR5cCI6IkpXVCJ9.eyJpZCI6NiwiY29ycmV1Ijoic2FtcGxlQHNhbXBsZS5zYW1wbGUiLCJpYXQiOjE3MzYzMzgxOTAsImV4cCI6MTczNjM0MTc5MH0.AcenLQSCnOpS-aV_YXQLFzdtCT304Fw0LfhJGFIpzxk\nToken de Sessió:  eyJhbGciOiJIUzI1NiIsInR5cCI6IkpXVCJ9.eyJpZCI6NiwiY29ycmV1Ijoic2FtcGxlQHNhbXBsZS5zYW1wbGUiLCJpYXQiOjE3MzYzMzgxOTAsImV4cCI6MTczNjM0MTc5MH0.AcenLQSCnOpS-aV_YXQLFzdtCT304Fw0LfhJGFIpzxk\nETO ES UN SECRETO DE TU MIRADA Y LA MIA -qRAUmqCTv-v8swLdNYS0gVtZmnQVgCUvILO2NIky28\nValid token\n","date":"2025-01-08 12:09:59"}||
{"log":"Header Auth:  Bearer eyJhbGciOiJIUzI1NiIsInR5cCI6IkpXVCJ9.eyJpZCI6NiwiY29ycmV1Ijoic2FtcGxlQHNhbXBsZS5zYW1wbGUiLCJpYXQiOjE3MzYzMzgxOTAsImV4cCI6MTczNjM0MTc5MH0.AcenLQSCnOpS-aV_YXQLFzdtCT304Fw0LfhJGFIpzxk\n","date":"2025-01-08 12:13:48"}||
{"log":"Token de Sessió:  eyJhbGciOiJIUzI1NiIsInR5cCI6IkpXVCJ9.eyJpZCI6NiwiY29ycmV1Ijoic2FtcGxlQHNhbXBsZS5zYW1wbGUiLCJpYXQiOjE3MzYzMzgxOTAsImV4cCI6MTczNjM0MTc5MH0.AcenLQSCnOpS-aV_YXQLFzdtCT304Fw0LfhJGFIpzxk\nETO ES UN SECRETO DE TU MIRADA Y LA MIA -qRAUmqCTv-v8swLdNYS0gVtZmnQVgCUvILO2NIky28\nValid token\n","date":"2025-01-08 12:13:48"}||
